Oct 15 14:02 : exception: Failed to open '/home/migbert/.config/mpd/state': No such file or directory
Oct 15 14:02 : exception: inotify_add_watch() has failed: No such file or directory
Oct 15 14:02 : exception: Failed to access /home/migbert/Musica: No such file or directory
Oct 15 14:04 : update: added Romeo Santos - Utopia [2019-Album]/02 Canalla.mp3
Oct 15 14:04 : update: added Romeo Santos - Utopia [2019-Album]/10 Los Últimos.mp3
Oct 15 14:04 : update: added Romeo Santos - Utopia [2019-Album]/07 Ileso.mp3
Oct 15 14:04 : update: added Romeo Santos - Utopia [2019-Album]/11 Años Luz.mp3
Oct 15 14:04 : update: added Romeo Santos - Utopia [2019-Album]/08 Amor Enterrado.mp3
Oct 15 14:04 : update: added Romeo Santos - Utopia [2019-Album]/13 Inmortal.mp3
Oct 15 14:04 : update: added Romeo Santos - Utopia [2019-Album]/12 Bellas (feat. Romeo Santos).mp3
Oct 15 14:04 : update: added Romeo Santos - Utopia [2019-Album]/04 La Demanda.mp3
Oct 15 14:04 : update: added Romeo Santos - Utopia [2019-Album]/03 Payasos.mp3
Oct 15 14:04 : update: added Romeo Santos - Utopia [2019-Album]/09 Me Quedo.mp3
Oct 15 14:04 : update: added Romeo Santos - Utopia [2019-Album]/05 Millonario.mp3
Oct 15 14:04 : update: added Romeo Santos - Utopia [2019-Album]/01 Intro_ Soy Dominicano.mp3
Oct 15 14:04 : update: added Romeo Santos - Utopia [2019-Album]/06 El Beso Que No Le Di.mp3
Oct 15 14:04 : update: added /The Cardigans - Lovefool (Official Music Video).mp3
Oct 15 14:04 : update: added /Marcha «El Indio y el Conquistador» (version actual).mp3
Oct 15 14:04 : update: added /El Socio y El Pokel - Ton Tin Tin ( Prod by Faiber The Magic).mp3
Oct 15 14:04 : update: added /Ven Y Hazlo Tú 💰 - Nicky Jam x J Balvin x Anuel AA x Arcángel _ Video Oficial.mp3
Oct 15 14:04 : update: added /Bad_Bunny_ft_Chencho_Corleone_Me_Porto_Bonito_Video_Oficial_Un_Verano.mp3
Oct 15 14:04 : update: added /Shawn Mendes, Camila Cabello - Señorita.mp3
Oct 15 14:04 : update: added /Es Un Secreto (Remix).mp3
Oct 15 14:04 : update: added /Juan Luis Guerra 4.40 - Tus Besos.mp3
Oct 15 14:04 : update: added /Tierry - CABEÇA BRANCA ( DVD _ O Pai das Crianças).mp3
Oct 15 14:04 : update: added /Tego Calderon - Al Natural.mp3
Oct 15 14:04 : update: added /ROSALÍA - DESPECHÁ (Official Video).mp3
Oct 15 14:04 : update: added /Tego Calderon - Pa Que Se Lo Gozen.mp3
Oct 15 14:04 : update: added /05 Por mi reggae muero 2020.mp3
Oct 15 14:04 : update: added /Nicky Jam __ BZRP Music Sessions - 41.mp3
Oct 15 14:04 : update: added /Guasa Guasa (feat. Voltio).mp3
Oct 15 14:04 : update: added /00 Me Provocas Ft. Valka (Guaracha , Aleteo).mp3
Oct 15 14:04 : update: added /Olga Tañon Super Mix.mp3
Oct 15 14:04 : update: added Romeo Santos - Fórmula, Vol. 3 (2022) Mp3 320kbps [PMEDIA] ⭐️/16. Me Extraño.mp3
Oct 15 14:04 : update: added Romeo Santos - Fórmula, Vol. 3 (2022) Mp3 320kbps [PMEDIA] ⭐️/10. Perro.mp3
Oct 15 14:04 : update: added Romeo Santos - Fórmula, Vol. 3 (2022) Mp3 320kbps [PMEDIA] ⭐️/08. El Pañuelo.mp3
Oct 15 14:04 : update: added Romeo Santos - Fórmula, Vol. 3 (2022) Mp3 320kbps [PMEDIA] ⭐️/15. Skit (feat. MateTraxx) (With a Special Character).mp3
Oct 15 14:04 : update: added Romeo Santos - Fórmula, Vol. 3 (2022) Mp3 320kbps [PMEDIA] ⭐️/17. Suegra.mp3
Oct 15 14:04 : update: added Romeo Santos - Fórmula, Vol. 3 (2022) Mp3 320kbps [PMEDIA] ⭐️/02. Bebo.mp3
Oct 15 14:04 : update: added Romeo Santos - Fórmula, Vol. 3 (2022) Mp3 320kbps [PMEDIA] ⭐️/09. 15,500 Noches.mp3
Oct 15 14:04 : update: added Romeo Santos - Fórmula, Vol. 3 (2022) Mp3 320kbps [PMEDIA] ⭐️/19. R.I.P.mp3
Oct 15 14:04 : update: added Romeo Santos - Fórmula, Vol. 3 (2022) Mp3 320kbps [PMEDIA] ⭐️/07. Mar.mp3
Oct 15 14:04 : update: added Romeo Santos - Fórmula, Vol. 3 (2022) Mp3 320kbps [PMEDIA] ⭐️/05. Sexo Con Ropa.mp3
Oct 15 14:04 : update: added Romeo Santos - Fórmula, Vol. 3 (2022) Mp3 320kbps [PMEDIA] ⭐️/11. Sin Fin.mp3
Oct 15 14:04 : update: added Romeo Santos - Fórmula, Vol. 3 (2022) Mp3 320kbps [PMEDIA] ⭐️/12. Solo Conmigo.mp3
Oct 15 14:04 : update: added Romeo Santos - Fórmula, Vol. 3 (2022) Mp3 320kbps [PMEDIA] ⭐️/18. Culpable.mp3
Oct 15 14:04 : update: added Romeo Santos - Fórmula, Vol. 3 (2022) Mp3 320kbps [PMEDIA] ⭐️/03. Ayúdame.mp3
Oct 15 14:04 : update: added Romeo Santos - Fórmula, Vol. 3 (2022) Mp3 320kbps [PMEDIA] ⭐️/20. La Última Vez.mp3
Oct 15 14:04 : update: added Romeo Santos - Fórmula, Vol. 3 (2022) Mp3 320kbps [PMEDIA] ⭐️/06. Ciudadana.mp3
Oct 15 14:04 : update: added Romeo Santos - Fórmula, Vol. 3 (2022) Mp3 320kbps [PMEDIA] ⭐️/14. SIRI.mp3
Oct 15 14:04 : update: added Romeo Santos - Fórmula, Vol. 3 (2022) Mp3 320kbps [PMEDIA] ⭐️/13. Sus Huellas.mp3
Oct 15 14:04 : update: added Romeo Santos - Fórmula, Vol. 3 (2022) Mp3 320kbps [PMEDIA] ⭐️/01. Intro (feat. Valentino Santos, Solano Santos & Alex Santos).mp3
Oct 15 14:04 : update: added Romeo Santos - Fórmula, Vol. 3 (2022) Mp3 320kbps [PMEDIA] ⭐️/04. Boomerang.mp3
Oct 15 14:04 : update: added Romeo Santos - Fórmula, Vol. 3 (2022) Mp3 320kbps [PMEDIA] ⭐️/21. Nirvana.mp3
Oct 15 14:04 : update: added /ARCANGEL __ BZRP Music Sessions - 54.mp3
Oct 15 14:04 : update: added /Desperado - Antonio Banderas - Cancion del Mariachi.mp3
Oct 15 14:04 : update: added /LO MEJOR DEL CALIPSO DEL CALLAO JN LA IMPREDECIBLE DJ JHON DAVID🇻🇪.mp3
Oct 15 14:04 : update: added /Ozuna FT Anuel AA - Bebe (Lyric Video) _ Odisea.mp3
Oct 15 14:04 : update: added /SAINt JHN - Roses (Imanbek Remix) (Official Music Video).mp3
Oct 15 14:04 : update: added /Red Hot Chili Peppers - Snow _Hey Oh_ _Video_.mp3
Oct 15 14:04 : update: added /a-ha - Take On Me (Official Video) _Remastered in 4K_.mp3
Oct 15 14:04 : update: added /El bueno el malo y el feo_Audio Original_ - tego calderon, vico C  y  eddie dee.mp3
Oct 15 14:04 : update: added /Guns N' Roses - November Rain.mp3
Oct 15 14:04 : update: added /EL NIAGARA EN BICICLETA - JUAN LUIS GUERRA.mp3
Oct 15 14:04 : update: added /Fumaratto - Me Provocas Ft. Valka 🍭 (Official Music Video).mp3
Oct 15 14:04 : update: added /QUEVEDO __ BZRP Music Sessions - 52.mp3
Oct 15 14:04 : update: added /TIAGO PZK __ BZRP Music Sessions - 48.mp3
Oct 15 14:04 : update: added /El_bueno_el_malo_y_el_feo_Audio_Original_tego_calderon,_vico_C_y.mp3
Oct 15 14:04 : update: added /VALLENATO PARRANDERO VOL 1 - DJ CHEO 507 - 1ENYOUTUBE - QUEXOPAMUNDIAL - LAUNIVERSIDADURBANA.mp3
Oct 15 14:04 : update: added /Don Omar - Ayer La Vi (Lyric Video).mp3
Oct 15 14:04 : update: added /Juan Luis Guerra - La Bilirrubina (Live).mp3
Oct 15 14:04 : update: added /Bob Marley - No Women No Cry (Original).mp3
Oct 15 14:04 : update: added /Coldplay - Clocks (Official Video).mp3
Oct 15 14:04 : update: added /Billie Eilish, Khalid - lovely.mp3
Oct 15 14:04 : update: added /VOU FALAR QUE NÃO QUERO - Vitor Fernandes (DVD Piseiro Apaixonado).mp3
Oct 15 14:04 : update: added /Eddy Herrera Mix (Solo Exitos) Audio Oficial - Jose Portugal El - DJ Niño.mp3
Oct 15 14:04 : update: added /Do not worry be happy   Bob Marley.mp3
Oct 15 14:04 : update: added /Pablo -  Feat na minha cama (Clipe Oficial).mp3
Oct 15 14:04 : update: added /BACHATA MIX  ROMEO SANTOS & AVENTURA.mp3
Oct 15 14:04 : update: added /Daddy Yankee - Llegamos a La Disco (Video Oficial).mp3
Oct 15 14:04 : update: added /EFOFAC - Diana de Carabobo.mp3
Oct 15 14:04 : update: added /Don Omar _ Dile (Video Oficial ).mp3
Oct 15 14:04 : update: added /Nirvana - Smells Like Teen Spirit (Official Music Video).mp3
Oct 15 14:04 : update: added /DANÇARINA_Remix_PEDRO_SAMPAIO,_Anitta,_Nicky_Jam,_Dadju,_MC_Pedrinho.mp3
Oct 15 14:04 : update: added /Fast Five - How We Roll (Fast Five Remix) - Don Omar ft. Busta Rhymes, Reek da Villian & J-doe.mp3
Oct 15 14:04 : update: added /Luis Mateus y sus Éxitos (Letra 2019).mp3
Oct 15 14:04 : update: added /Ricardo Arjona - Mojado _feat. Intocable_ (Video Oficial).mp3
Oct 15 14:04 : update: added /Buenas Noches Señoritas - Set Guaracha Classic ❌ (Santiago Ramírez)guaracha 2022.mp3
Oct 15 14:04 : update: added /EXCELENTES MIX DJ Jhony Ventura.mp3
Oct 15 14:04 : update: added /salsa erotica vieja - mix.mp3
Oct 15 14:04 : update: added /Marcha El Indio y El Conquistador - En Memoria al Comandante Chávez.mp3
Oct 15 14:04 : update: added /Plan B - Fanatica Sensual Lyric Video.mp3
Oct 15 14:04 : update: added /Kina - Can We Kiss Forever_ (ft. Adriana Proenza).mp3
Oct 15 14:04 : update: added /RESIDENTE __ BZRP Music Sessions - 49.mp3
Oct 15 14:04 : update: added /Gusttavo Lima - De Menina Pra Mulher (O Embaixador The Legacy).mp3
Oct 15 14:04 : update: added /UB40 - Kingston Town (Lyrics).mp3
Oct 15 14:04 : update: added /UB40_I_Can't_Help_Falling_In_Love_With_You_Official_Video.mp3
Oct 15 14:04 : update: added /Juan Luis Guerra 4.40 - Rosalía (Live).mp3
Oct 15 14:04 : update: added /CALIPSO DEL CALLAO EL PASAO 2019 DJ JORGE ALEXANDER VOL 1.mp3
Oct 15 14:04 : update: added /Mix TecnoMerengues Clasicos Viejitas pero Buenas Para Bailar 2020.mp3
Oct 15 14:04 : update: added /🇻🇪🔥 Dembow 2k22 UNIVERSO DEEJAY JUAN MIX EL TERRORISTA FT DEEJAY MAIKEL ELOTRONIVEL 🇻🇪🔥.mp3
Oct 15 14:04 : update: added /Coldplay - A Sky Full Of Stars (Official Video).mp3
Oct 15 14:04 : update: added /Anuel AA , Bad Bunny - Hasta Que Dios Diga ( Video Oficial ).mp3
Oct 15 14:04 : update: added /Kina - Get You The Moon (feat. Snow) (Official Video).mp3
Oct 15 14:04 : update: added /Ñejo, Nicky Jam - Mi Ex.mp3
Oct 15 14:04 : update: added /LOS MEJORES ÉXITOS DEL GRUPO KARU DJ KUKO..mp3
Oct 15 14:04 : update: added /DANÇARINA (Remix) - PEDRO SAMPAIO, Anitta, Nicky Jam, Dadju, MC Pedrinho (Official Music Video).mp3
Oct 15 14:04 : update: added /Al Natural (feat. Yandel).mp3
Oct 15 14:04 : update: added /ROLÊ - Tarcísio do Acordeon e Marcynho Sensação (Vai beber, vai chorar, vai ligar).mp3
Oct 15 14:04 : update: added /La Bachata - MTZ Manuel Turizo _ Video Oficial.mp3
Oct 15 14:04 : update: added /Alvejante - Priscila Senna e Zé Vaqueiro.mp3
Oct 15 14:04 : update: added /Marcha Venezolana El Indio y El Conquistador.mp3
Oct 15 14:04 : update: added /Lenier - Como Te Pago (Official Video).mp3
Oct 15 14:04 : update: added /4 Non Blondes - What's Up (Official Music Video).mp3
Oct 15 14:04 : update: added /ub40-classic-reggae-hits.mp3
Oct 15 14:04 : update: added /Me Pones en Tensión.mp3
Oct 15 14:04 : update: added /Santana - Smooth (Stereo) ft. Rob Thomas.mp3
Oct 15 14:04 : update: added /🇻🇪🔥 REGGAETON 2022 VOL 2 - EL GOCHO CAR AUDIO - DJ OMAR MONTAO LA MENTE CREATIVA 🇻🇪🔥.mp3
Oct 15 14:04 : update: added /Randy & De La Ghetto - Sensacion Del Bloque.mp3
Oct 15 14:04 : update: added /Fumaratto ft.Kairy  - Delicious 🍭Ft Happy Face (Official MusicVideo).mp3
Oct 15 14:04 : update: added /Natalie Imbruglia - Torn (Official Video) _HD Remastered_.mp3
Oct 15 14:04 : update: added /Tego Calderon - Cosa Buena.mp3
Oct 15 14:04 : update: added /Pa' Que Retozen.mp3
Oct 15 14:04 : update: added /Is This Love (Kaya 40 Mix).mp3
Oct 15 14:04 : update: added /Jamming.mp3
Oct 15 14:04 : update: added /El_Socio_y_El_Pokel_Ton_Tin_Tin_Prod_by_Faiber_The_Magic.mp3
Oct 15 14:04 : update: added /Raí Saia Rodada - Tapão Na Raba (Clipe Oficial).mp3
Oct 15 14:04 : update: added /Various Artists-Taboo.mp3
Oct 15 14:04 : update: added /VILLANO ANTILLANO __ BZRP Music Sessions - 51.mp3
Oct 15 14:04 : update: added /Juan Luis Guerra - Frío, Frío (feat. Romeo Santos) _Live_.mp3
Oct 15 14:04 : update: added /De lo mejor de fulanito (solo exitos) 01.mp3
Oct 15 14:04 : update: added /Punto Y Aparte.mp3
Oct 15 14:04 : update: added /EL JEFFREY REMEMBRANZAS EXITOS MIX.mp3
Oct 15 14:04 : update: added /Bad Bunny (ft. Chencho Corleone) - Me Porto Bonito (Video Oficial) _ Un Verano Sin Ti.mp3
Oct 15 14:04 : update: added /Anuel AA, Tego Calderon - Jangueo (Audio Oficial).mp3
Oct 15 14:04 : update: added /SOCA SEVEN 2015 Dj Ewduar Mix Con Dj Pelon.mp3
Oct 15 14:04 : update: added /🇻🇪🔥 La Salsa Malandrosa De Dj Jose Villarroel El Genio 🇻🇪🔥.mp3
Oct 15 14:04 : update: added /Ricardo Arjona - Historia De Taxi  (Video).mp3
Oct 15 14:04 : update: added /Los Pumas De Amazonas - Exitos Mezcladitos.mp3
Oct 15 14:04 : update: added /No Doubt - Don't Speak (Official 4K Music Video).mp3
Oct 15 14:04 : update: added /Salsa Brava Para Venezolanos - Dj Fleming El Demente De La Salsa 2023.mp3
Oct 15 14:04 : ffmpeg/mov,mp4,m4a,3gp,3g2,mj2: stream 0, timescale not set
Oct 15 14:04 : update: added /Hector y Tito - Felina - mjSZRo0Nadg.m4a
Oct 15 14:04 : update: added /Bob Marley & The Wailers - Three Little Birds (Official Video).mp3
Oct 15 14:04 : update: added /System Of A Down - Chop Suey! (Official HD Video).mp3
Oct 15 14:04 : update: added /Sade - Smooth Operator - Official - 1984.mp3
Oct 15 14:04 : update: added /Baby - Nicky Jam X Farruko X Amenazzy.mp3
Oct 15 14:04 : update: added /TONES AND I - DANCE MONKEY (OFFICIAL VIDEO).mp3
Oct 15 14:04 : update: added /Vallenatos mix Los Inquietos V.1 Djemilson.mp3
Oct 15 14:04 : update: added /Travesuras - Nicky Jam _ Video Oficial.mp3
Oct 15 14:04 : update: added /EL TRISTE DARIO DARIO LETRA.mp3
Oct 15 14:04 : update: added /REGGAETON_2023_DANIELS_DISCPLAY_&_DJ_ELMER_EL_MAS_CREATIVO_&_DJ.mp3
Oct 15 14:04 : update: added /Plan B - Es un secreto _Official Video_.mp3
Oct 15 14:04 : update: added /MySpace (feat. Wisin & Yandel).mp3
Oct 15 15:01 : player: played "🇻🇪🔥 La Salsa Malandrosa De Dj Jose Villarroel El Genio 🇻🇪🔥.mp3"
